2022-05-10 17:55:21.299 [http-nio-8081-exec-1] DEBUG com.my.blog.website.service.impl.ContentServiceImpl - Enter getContents method
2022-05-10 17:55:21.397 [http-nio-8081-exec-1] DEBUG com.my.blog.website.service.impl.ContentServiceImpl - Exit getContents method
2022-05-10 18:12:11.764 [http-nio-8081-exec-6] DEBUG com.my.blog.website.service.impl.ContentServiceImpl - Enter getContents method
2022-05-10 18:12:11.776 [http-nio-8081-exec-6] DEBUG com.my.blog.website.service.impl.ContentServiceImpl - Exit getContents method
2022-05-10 18:12:12.485 [http-nio-8081-exec-9] DEBUG com.my.blog.website.service.impl.ContentServiceImpl - Enter getContents method
2022-05-10 18:12:12.493 [http-nio-8081-exec-9] DEBUG com.my.blog.website.service.impl.ContentServiceImpl - Exit getContents method
2022-05-10 18:12:44.562 [http-nio-8081-exec-6] DEBUG com.my.blog.website.service.impl.ContentServiceImpl - Enter getContents method
2022-05-10 18:12:44.575 [http-nio-8081-exec-6] DEBUG com.my.blog.website.service.impl.ContentServiceImpl - Exit getContents method
2022-05-10 18:14:47.798 [http-nio-8081-exec-5] DEBUG com.my.blog.website.service.impl.SiteServiceImpl - Enter getArchives method
2022-05-10 18:14:47.810 [http-nio-8081-exec-5] DEBUG com.my.blog.website.service.impl.SiteServiceImpl - Exit getArchives method
2022-05-10 18:14:48.609 [http-nio-8081-exec-9] DEBUG com.my.blog.website.service.impl.SiteServiceImpl - Enter getArchives method
2022-05-10 18:14:48.613 [http-nio-8081-exec-9] DEBUG com.my.blog.website.service.impl.SiteServiceImpl - Exit getArchives method
2022-05-10 18:16:52.485 [http-nio-8081-exec-3] DEBUG com.my.blog.website.service.impl.ContentServiceImpl - Enter getContents method
2022-05-10 18:16:52.574 [http-nio-8081-exec-3] DEBUG com.my.blog.website.service.impl.ContentServiceImpl - Exit getContents method
2022-05-10 18:17:28.833 [http-nio-8081-exec-1] DEBUG com.my.blog.website.service.impl.ContentServiceImpl - Enter getContents method
2022-05-10 18:17:28.913 [http-nio-8081-exec-1] DEBUG com.my.blog.website.service.impl.ContentServiceImpl - Exit getContents method
2022-05-10 18:17:57.609 [http-nio-8081-exec-1] DEBUG com.my.blog.website.service.impl.ContentServiceImpl - Enter getContents method
2022-05-10 18:17:57.690 [http-nio-8081-exec-1] DEBUG com.my.blog.website.service.impl.ContentServiceImpl - Exit getContents method
2022-05-10 18:18:26.427 [http-nio-8081-exec-1] DEBUG com.my.blog.website.service.impl.ContentServiceImpl - Enter getContents method
2022-05-10 18:18:26.505 [http-nio-8081-exec-1] DEBUG com.my.blog.website.service.impl.ContentServiceImpl - Exit getContents method
2022-05-10 18:18:27.991 [http-nio-8081-exec-3] DEBUG com.my.blog.website.service.impl.ContentServiceImpl - Enter getContents method
2022-05-10 18:18:27.997 [http-nio-8081-exec-3] DEBUG com.my.blog.website.service.impl.ContentServiceImpl - Exit getContents method
2022-05-10 18:21:03.806 [http-nio-8081-exec-1] DEBUG com.my.blog.website.service.impl.ContentServiceImpl - Enter getContents method
2022-05-10 18:21:03.910 [http-nio-8081-exec-1] DEBUG com.my.blog.website.service.impl.ContentServiceImpl - Exit getContents method
2022-05-10 18:23:00.760 [http-nio-8081-exec-1] DEBUG com.my.blog.website.service.impl.ContentServiceImpl - Enter getContents method
2022-05-10 18:23:00.840 [http-nio-8081-exec-1] DEBUG com.my.blog.website.service.impl.ContentServiceImpl - Exit getContents method
2022-05-10 18:23:19.478 [http-nio-8081-exec-2] INFO  com.my.blog.website.controller.admin.IndexController - Enter admin index method
2022-05-10 18:23:19.478 [http-nio-8081-exec-2] DEBUG com.my.blog.website.service.impl.SiteServiceImpl - Enter recentComments method:limit=5
2022-05-10 18:23:19.488 [http-nio-8081-exec-2] DEBUG com.my.blog.website.service.impl.SiteServiceImpl - Exit recentComments method
2022-05-10 18:23:19.488 [http-nio-8081-exec-2] DEBUG com.my.blog.website.service.impl.SiteServiceImpl - Enter recentContents method
2022-05-10 18:23:19.492 [http-nio-8081-exec-2] DEBUG com.my.blog.website.service.impl.SiteServiceImpl - Exit recentContents method
2022-05-10 18:23:19.492 [http-nio-8081-exec-2] DEBUG com.my.blog.website.service.impl.SiteServiceImpl - Enter getStatistics method
2022-05-10 18:23:19.507 [http-nio-8081-exec-2] DEBUG com.my.blog.website.service.impl.SiteServiceImpl - Exit getStatistics method
2022-05-10 18:23:19.507 [http-nio-8081-exec-2] DEBUG com.my.blog.website.service.impl.LogServiceImpl - Enter getLogs method:page=1,linit=5
2022-05-10 18:23:19.513 [http-nio-8081-exec-2] DEBUG com.my.blog.website.service.impl.LogServiceImpl - Exit getLogs method
2022-05-10 18:23:19.513 [http-nio-8081-exec-2] INFO  com.my.blog.website.controller.admin.IndexController - Exit admin index method
2022-05-10 18:25:10.840 [http-nio-8081-exec-1] DEBUG com.my.blog.website.service.impl.OptionServiceImpl - Enter insertOption method:name=site_keywords,value=Blog
2022-05-10 18:25:10.844 [http-nio-8081-exec-1] DEBUG com.my.blog.website.service.impl.OptionServiceImpl - Exit insertOption method.
2022-05-10 18:25:10.844 [http-nio-8081-exec-1] DEBUG com.my.blog.website.service.impl.OptionServiceImpl - Enter insertOption method:name=site_description,value=CJF个人博客系统
2022-05-10 18:25:10.847 [http-nio-8081-exec-1] DEBUG com.my.blog.website.service.impl.OptionServiceImpl - Exit insertOption method.
2022-05-10 18:25:10.847 [http-nio-8081-exec-1] DEBUG com.my.blog.website.service.impl.OptionServiceImpl - Enter insertOption method:name=site_title,value=Blog
2022-05-10 18:25:10.849 [http-nio-8081-exec-1] DEBUG com.my.blog.website.service.impl.OptionServiceImpl - Exit insertOption method.
2022-05-10 18:25:10.849 [http-nio-8081-exec-1] DEBUG com.my.blog.website.service.impl.OptionServiceImpl - Enter insertOption method:name=site_theme,value=default
2022-05-10 18:25:10.851 [http-nio-8081-exec-1] DEBUG com.my.blog.website.service.impl.OptionServiceImpl - Exit insertOption method.
2022-05-10 18:25:10.851 [http-nio-8081-exec-1] DEBUG com.my.blog.website.service.impl.OptionServiceImpl - Enter insertOption method:name=allow_install,value=
2022-05-10 18:25:10.853 [http-nio-8081-exec-1] DEBUG com.my.blog.website.service.impl.OptionServiceImpl - Exit insertOption method.
2022-05-11 10:29:54.766 [http-nio-8081-exec-1] DEBUG com.my.blog.website.service.impl.ContentServiceImpl - Enter getContents method
2022-05-11 10:29:54.913 [http-nio-8081-exec-1] DEBUG com.my.blog.website.service.impl.ContentServiceImpl - Exit getContents method
2022-05-11 10:30:09.626 [http-nio-8081-exec-5] DEBUG com.my.blog.website.service.impl.SiteServiceImpl - Enter getArchives method
2022-05-11 10:30:09.650 [http-nio-8081-exec-5] DEBUG com.my.blog.website.service.impl.SiteServiceImpl - Exit getArchives method
2022-05-11 10:30:11.440 [http-nio-8081-exec-6] DEBUG com.my.blog.website.service.impl.SiteServiceImpl - Enter getArchives method
2022-05-11 10:30:11.445 [http-nio-8081-exec-6] DEBUG com.my.blog.website.service.impl.SiteServiceImpl - Exit getArchives method
2022-05-11 10:30:12.194 [http-nio-8081-exec-8] DEBUG com.my.blog.website.service.impl.SiteServiceImpl - Enter getArchives method
2022-05-11 10:30:12.203 [http-nio-8081-exec-8] DEBUG com.my.blog.website.service.impl.SiteServiceImpl - Exit getArchives method
2022-05-11 10:30:49.646 [http-nio-8081-exec-9] INFO  com.my.blog.website.controller.admin.IndexController - Enter admin index method
2022-05-11 10:30:49.646 [http-nio-8081-exec-9] DEBUG com.my.blog.website.service.impl.SiteServiceImpl - Enter recentComments method:limit=5
2022-05-11 10:30:49.650 [http-nio-8081-exec-9] DEBUG com.my.blog.website.service.impl.SiteServiceImpl - Exit recentComments method
2022-05-11 10:30:49.650 [http-nio-8081-exec-9] DEBUG com.my.blog.website.service.impl.SiteServiceImpl - Enter recentContents method
2022-05-11 10:30:49.655 [http-nio-8081-exec-9] DEBUG com.my.blog.website.service.impl.SiteServiceImpl - Exit recentContents method
2022-05-11 10:30:49.655 [http-nio-8081-exec-9] DEBUG com.my.blog.website.service.impl.SiteServiceImpl - Enter getStatistics method
2022-05-11 10:30:49.666 [http-nio-8081-exec-9] DEBUG com.my.blog.website.service.impl.SiteServiceImpl - Exit getStatistics method
2022-05-11 10:30:49.666 [http-nio-8081-exec-9] DEBUG com.my.blog.website.service.impl.LogServiceImpl - Enter getLogs method:page=1,linit=5
2022-05-11 10:30:49.672 [http-nio-8081-exec-9] DEBUG com.my.blog.website.service.impl.LogServiceImpl - Exit getLogs method
2022-05-11 10:30:49.672 [http-nio-8081-exec-9] INFO  com.my.blog.website.controller.admin.IndexController - Exit admin index method
2022-05-11 10:32:54.153 [http-nio-8081-exec-10] INFO  com.my.blog.website.controller.admin.IndexController - Enter admin index method
2022-05-11 10:32:54.153 [http-nio-8081-exec-10] DEBUG com.my.blog.website.service.impl.SiteServiceImpl - Enter recentComments method:limit=5
2022-05-11 10:32:54.155 [http-nio-8081-exec-10] DEBUG com.my.blog.website.service.impl.SiteServiceImpl - Exit recentComments method
2022-05-11 10:32:54.155 [http-nio-8081-exec-10] DEBUG com.my.blog.website.service.impl.SiteServiceImpl - Enter recentContents method
2022-05-11 10:32:54.159 [http-nio-8081-exec-10] DEBUG com.my.blog.website.service.impl.SiteServiceImpl - Exit recentContents method
2022-05-11 10:32:54.159 [http-nio-8081-exec-10] DEBUG com.my.blog.website.service.impl.SiteServiceImpl - Enter getStatistics method
2022-05-11 10:32:54.162 [http-nio-8081-exec-10] DEBUG com.my.blog.website.service.impl.SiteServiceImpl - Exit getStatistics method
2022-05-11 10:32:54.162 [http-nio-8081-exec-10] DEBUG com.my.blog.website.service.impl.LogServiceImpl - Enter getLogs method:page=1,linit=5
2022-05-11 10:32:54.164 [http-nio-8081-exec-10] DEBUG com.my.blog.website.service.impl.LogServiceImpl - Exit getLogs method
2022-05-11 10:32:54.164 [http-nio-8081-exec-10] INFO  com.my.blog.website.controller.admin.IndexController - Exit admin index method
